{'speed_time(ms)': 12, 'time': '15626613110992885', 'value': '三减四='}
共一百次查看成功多少次99
{'speed_time(ms)': 15, 'time': '1562661312116567', 'value': '2减七='}
共一百次查看成功多少次99
{'speed_time(ms)': 5, 'time': '1562661313504881', 'value': '六＋2='}
共一百次查看成功多少次98
{'speed_time(ms)': 15, 'time': '15626613145181878', 'value': '8✲0='}
共一百次查看成功多少次98
{'speed_time(ms)': 15, 'time': '15626613159314098', 'value': '4减0='}
共一百次查看成功多少次97
{'speed_time(ms)': 7, 'time': '15626613169337153', 'value': '四✲0='}
共一百次查看成功多少次96
{'speed_time(ms)': 15, 'time': '15626613179530032', 'value': '九减去五'}
共一百次查看成功多少次96
{'speed_time(ms)': 15, 'time': '15626613193442829', 'value': '8加上8'}
共一百次查看成功多少次95
{'speed_time(ms)': 15, 'time': '15626613204174063', 'value': '4加5='}
共一百次查看成功多少次95
{'speed_time(ms)': 15, 'time': '15626613220969217', 'value': '五减六='}
共一百次查看成功多少次94
{'speed_time(ms)': 15, 'time': '15626613231181495', 'value': '五乘以六'}
共一百次查看成功多少次94
{'speed_time(ms)': 16, 'time': '15626613245393496', 'value': '1加上零'}
共一百次查看成功多少次94
{'speed_time(ms)': 14, 'time': '15626613259625437', 'value': '9乘六='}
共一百次查看成功多少次94
{'speed_time(ms)': 15, 'time': '15626613273887713', 'value': '8加九='}
共一百次查看成功多少次93
{'speed_time(ms)': 15, 'time': '15626613284050198', 'value': '0乘以九'}
共一百次查看成功多少次93
{'speed_time(ms)': 15, 'time': '15626613297953014', 'value': '九减去8'}
共一百次查看成功多少次92
{'speed_time(ms)': 15, 'time': '15626613308225546', 'value': '八乘4='}
共一百次查看成功多少次92
{'speed_time(ms)': 9, 'time': '15626613322706742', 'value': '二减3='}
共一百次查看成功多少次91
{'speed_time(ms)': 12, 'time': '15626613332799835', 'value': '3✲三='}
共一百次查看成功多少次91
{'speed_time(ms)': 15, 'time': '15626613347021732', 'value': '8加上二'}
共一百次查看成功多少次90
{'speed_time(ms)': 15, 'time': '15626613357204576', 'value': '八减去1'}
共一百次查看成功多少次90
{'speed_time(ms)': 5, 'time': '15626613371167157', 'value': '3乘零='}
共一百次查看成功多少次90
{'speed_time(ms)': 12, 'time': '15626613384661078', 'value': '6减七='}
共一百次查看成功多少次89
{'speed_time(ms)': 13, 'time': '15626613394893804', 'value': '三加9='}
共一百次查看成功多少次89
{'speed_time(ms)': 13, 'time': '15626613408696814', 'value': '1乘八='}
共一百次查看成功多少次89
{'speed_time(ms)': 14, 'time': '15626613422679424', 'value': '零-8='}
共一百次查看成功多少次88
{'speed_time(ms)': 16, 'time': '15626613432862196', 'value': '8加上9'}
共一百次查看成功多少次87
{'speed_time(ms)': 15, 'time': '1562661344338406', 'value': '九－4='}
共一百次查看成功多少次86
{'speed_time(ms)': 14, 'time': '156266134534671', 'value': '6减8='}
共一百次查看成功多少次85
{'speed_time(ms)': 5, 'time': '15626613463739634', 'value': '3减去4'}
共一百次查看成功多少次85
{'speed_time(ms)': 8, 'time': '15626613477203615', 'value': '三减去5'}
共一百次查看成功多少次85
{'speed_time(ms)': 15, 'time': '1562661349113673', 'value': '9减去四'}
共一百次查看成功多少次84
{'speed_time(ms)': 15, 'time': '15626613501468747', 'value': '二减7='}
共一百次查看成功多少次83
{'speed_time(ms)': 15, 'time': '15626613511741633', 'value': '6减零='}
共一百次查看成功多少次82
{'speed_time(ms)': 15, 'time': '15626613521993864', 'value': '四－9='}
共一百次查看成功多少次82
{'speed_time(ms)': 15, 'time': '15626613535507793', 'value': '五减六='}
共一百次查看成功多少次82
{'speed_time(ms)': 13, 'time': '1562661354937072', 'value': '0加五='}
共一百次查看成功多少次82
{'speed_time(ms)': 8, 'time': '15626613563113892', 'value': '8乘以2'}
共一百次查看成功多少次81
{'speed_time(ms)': 9, 'time': '15626613573087227', 'value': '六+0='}
共一百次查看成功多少次80
{'speed_time(ms)': 8, 'time': '15626613583100488', 'value': '六减3='}
共一百次查看成功多少次79
{'speed_time(ms)': 13, 'time': '15626613593163621', 'value': '七乘九='}
共一百次查看成功多少次78
{'speed_time(ms)': 15, 'time': '1562661360328648', 'value': '0减去9'}
共一百次查看成功多少次77
{'speed_time(ms)': 15, 'time': '1562661361401816', 'value': '4x7='}
共一百次查看成功多少次77
{'speed_time(ms)': 14, 'time': '1562661362788072', 'value': '9－9='}
共一百次查看成功多少次77
{'speed_time(ms)': 15, 'time': '15626613641873307', 'value': '4加二='}
共一百次查看成功多少次76
{'speed_time(ms)': 15, 'time': '1562661365209597', 'value': '0减去八'}
共一百次查看成功多少次76
{'speed_time(ms)': 8, 'time': '15626613666347845', 'value': '二减4='}
共一百次查看成功多少次76
{'speed_time(ms)': 6, 'time': '156266136799316', 'value': '八加上九'}
共一百次查看成功多少次76
{'speed_time(ms)': 15, 'time': '15626613693295867', 'value': '零减去1'}
共一百次查看成功多少次76
{'speed_time(ms)': 15, 'time': '15626613707318377', 'value': '5乘七='}
共一百次查看成功多少次76
{'speed_time(ms)': 14, 'time': '15626613721420662', 'value': '五+8='}
共一百次查看成功多少次76
{'speed_time(ms)': 13, 'time': '15626613735363307', 'value': '8+0='}
共一百次查看成功多少次75
{'speed_time(ms)': 9, 'time': '1562661374545631', 'value': '4+二='}
共一百次查看成功多少次75
{'speed_time(ms)': 15, 'time': '1562661375908994', 'value': '三减零='}
共一百次查看成功多少次75
{'speed_time(ms)': 15, 'time': '15626613773182182', 'value': '二减三='}
共一百次查看成功多少次74
{'speed_time(ms)': 15, 'time': '15626613783335388', 'value': '五加上五'}
共一百次查看成功多少次74
{'speed_time(ms)': 15, 'time': '15626613797068377', 'value': '5✲五='}
共一百次查看成功多少次74
{'speed_time(ms)': 5, 'time': '15626613810632026', 'value': '零加上9'}
共一百次查看成功多少次73
{'speed_time(ms)': 16, 'time': '15626613821363344', 'value': '4+3='}
共一百次查看成功多少次73
{'speed_time(ms)': 5, 'time': '15626613835007129', 'value': '三乘6='}
共一百次查看成功多少次73
{'speed_time(ms)': 8, 'time': '15626613848899698', 'value': '九✲5='}
共一百次查看成功多少次73
{'speed_time(ms)': 15, 'time': '15626613862643323', 'value': '8乘三='}
共一百次查看成功多少次73
{'speed_time(ms)': 14, 'time': '1562661387639621', 'value': '零减3='}
共一百次查看成功多少次73
{'speed_time(ms)': 15, 'time': '15626613890718257', 'value': '9加4='}
共一百次查看成功多少次73
{'speed_time(ms)': 15, 'time': '15626613904451172', 'value': '三+5='}
共一百次查看成功多少次72
{'speed_time(ms)': 15, 'time': '15626613914584072', 'value': '9减去8'}
共一百次查看成功多少次71
{'speed_time(ms)': 15, 'time': '15626613924727023', 'value': '八加八='}
共一百次查看成功多少次70
{'speed_time(ms)': 14, 'time': '15626613934959586', 'value': '5减二='}
共一百次查看成功多少次69
{'speed_time(ms)': 16, 'time': '15626613945412009', 'value': '9✲四='}
共一百次查看成功多少次69
{'speed_time(ms)': 14, 'time': '15626613959932876', 'value': '三-6='}
共一百次查看成功多少次69
{'speed_time(ms)': 16, 'time': '1562661397372593', 'value': '4减5='}
共一百次查看成功多少次68
{'speed_time(ms)': 5, 'time': '15626613983729177', 'value': '零减6='}
共一百次查看成功多少次67
{'speed_time(ms)': 20, 'time': '15626613993632712', 'value': '4乘0='}
共一百次查看成功多少次66
{'speed_time(ms)': 14, 'time': '15626614003765934', 'value': '零加上九'}
共一百次查看成功多少次66
{'speed_time(ms)': 11, 'time': '15626614017089963', 'value': '6减去6'}
共一百次查看成功多少次66
{'speed_time(ms)': 13, 'time': '15626614031311986', 'value': '七减零='}
共一百次查看成功多少次66
{'speed_time(ms)': 8, 'time': '1562661404469647', 'value': '2乘4='}
共一百次查看成功多少次66
{'speed_time(ms)': 9, 'time': '15626614058588989', 'value': '6－3='}
共一百次查看成功多少次65
{'speed_time(ms)': 11, 'time': '15626614068811657', 'value': '一-七='}
共一百次查看成功多少次65
{'speed_time(ms)': 4, 'time': '15626614082524981', 'value': '1✲0='}
共一百次查看成功多少次65
{'speed_time(ms)': 16, 'time': '15626614096637728', 'value': '九+八='}
共一百次查看成功多少次65
{'speed_time(ms)': 15, 'time': '15626614110460296', 'value': '4减三='}
共一百次查看成功多少次64
{'speed_time(ms)': 10, 'time': '15626614120942607', 'value': '九＋四='}
共一百次查看成功多少次63
{'speed_time(ms)': 5, 'time': '15626614131085138', 'value': '8-1='}
共一百次查看成功多少次62
{'speed_time(ms)': 6, 'time': '15626614140938802', 'value': '9－五='}
共一百次查看成功多少次62
{'speed_time(ms)': 6, 'time': '15626614155250509', 'value': '六－9='}
共一百次查看成功多少次61
{'speed_time(ms)': 12, 'time': '15626614165602858', 'value': '7加6='}
共一百次查看成功多少次61
{'speed_time(ms)': 12, 'time': '15626614179695218', 'value': '1✲三='}
共一百次查看成功多少次61
{'speed_time(ms)': 17, 'time': '1562661419396701', 'value': '3乘以七'}
共一百次查看成功多少次61
{'speed_time(ms)': 16, 'time': '15626614208019428', 'value': '一✲三='}
共一百次查看成功多少次61
{'speed_time(ms)': 5, 'time': '15626614221812813', 'value': '八乘零='}
共一百次查看成功多少次60
{'speed_time(ms)': 14, 'time': '15626614231785927', 'value': '2x5='}
共一百次查看成功多少次60
{'speed_time(ms)': 15, 'time': '156266142456389', 'value': '五加九='}
共一百次查看成功多少次60
{'speed_time(ms)': 16, 'time': '15626614259232838', 'value': '二-六='}
共一百次查看成功多少次60
{'speed_time(ms)': 15, 'time': '15626614273823469', 'value': '六加零='}
共一百次查看成功多少次60
{'speed_time(ms)': 5, 'time': '15626614287925742', 'value': '三减去0'}
共一百次查看成功多少次60
{'speed_time(ms)': 6, 'time': '15626614301160657', 'value': '四✲五='}
共一百次查看成功多少次60
{'speed_time(ms)': 15, 'time': '15626614314783936', 'value': '8加0='}
共一百次查看成功多少次59
{'speed_time(ms)': 8, 'time': '1562661432516616', 'value': '9减去3'}
共一百次查看成功多少次59
{'speed_time(ms)': 10, 'time': '15626614339078963', 'value': '8✲5='}
共一百次查看成功多少次59
